<?xml version="1.0" encoding="UTF-8"?>
<!-- Generated by org.testng.reporters.JUnitReportReporter -->
<testsuite hostname="uptemto-ktds" failures="0" tests="4" name="com.test.testcase.KtMemberShip" time="54.827" errors="0" timestamp="2022-07-06T10:23:40 KST" skipped="0">
  <testcase classname="com.test.testcase.KtMemberShip" name="loginTest" time="11.543"/>
  <system-out/>
  <testcase classname="com.test.testcase.KtMemberShip" name="loginTest" time="11.956"/>
  <system-out/>
  <testcase classname="com.test.testcase.KtMemberShip" name="loginTest" time="15.203"/>
  <system-out/>
  <testcase classname="com.test.testcase.KtMemberShip" name="loginTest" time="16.125"/>
  <system-out/>
</testsuite> <!-- com.test.testcase.KtMemberShip -->
